<?xml version="1.0" encoding="UTF-8"?>
<!-- Generated by org.testng.reporters.JUnitXMLReporter -->
<testsuite ignored="1" hostname="LAPTOP-BCHU3DJA" failures="0" tests="3" name="Default test" time="49.68" errors="0" timestamp="2024-11-11T22:05:22 IST">
  <testcase classname="tests.ValidateRegisterPage" name="validateLoginPage" time="13.31"/>
  <testcase classname="tests.ValidateRegisterPage" name="ValidateHomePage" time="5.24"/>
  <testcase classname="tests.ValidateRegisterPage" name="ValidateRequestQuotationPage" time="25.05"/>
  <testcase classname="tests.ValidateRegisterPage" name="validateRegisterPage" time="0.0">
    <ignored/>
  </testcase> <!-- validateRegisterPage -->
</testsuite> <!-- Default test -->
