<?xml version="1.0" encoding="UTF-8"?>
<!-- Generated by org.testng.reporters.JUnitXMLReporter -->
<testsuite ignored="4" hostname="LAPTOP-BCHU3DJA" failures="0" tests="3" name="Test" time="80.575" errors="0" timestamp="2025-01-24T15:59:39 IST">
  <testcase classname="tests.testLoginPage" name="validateLoginPage" time="10.634"/>
  <testcase classname="tests.testRequestQoute" name="ValidateRequestQuotationPage" time="34.278"/>
  <testcase classname="tests.testHomePage" name="ValidateHomePage" time="12.691"/>
  <testcase classname="utilities.BaseDriver" name="@BeforeSuite setupReport" time="0.0">
    <ignored/>
  </testcase> <!-- @BeforeSuite setupReport -->
  <testcase classname="utilities.BaseDriver" name="@BeforeSuite setupReport" time="0.0">
    <ignored/>
  </testcase> <!-- @BeforeSuite setupReport -->
  <testcase classname="utilities.BaseDriver" name="@AfterSuite flushReportsAndOpen" time="0.0">
    <ignored/>
  </testcase> <!-- @AfterSuite flushReportsAndOpen -->
  <testcase classname="utilities.BaseDriver" name="@AfterSuite flushReportsAndOpen" time="0.0">
    <ignored/>
  </testcase> <!-- @AfterSuite flushReportsAndOpen -->
</testsuite> <!-- Test -->
