<?xml version="1.0" encoding="UTF-8"?>
<testng-results ignored="0" total="1" passed="1" failed="0" skipped="0">
  <reporter-output>
  </reporter-output>
  <suite started-at="2025-01-29T11:49:21 IST" name="Default suite" finished-at="2025-01-29T11:49:45 IST" duration-ms="23493">
    <groups>
    </groups>
    <test started-at="2025-01-29T11:49:21 IST" name="Default test" finished-at="2025-01-29T11:49:45 IST" duration-ms="23493">
      <class name="tests.testLoginPage">
        <test-method is-config="true" signature="setupReport()[pri:0, instance:tests.testLoginPage@e3b3b2f]" started-at="2025-01-29T11:49:20 IST" name="setupReport" finished-at="2025-01-29T11:49:21 IST" duration-ms="877" status="PASS">
          <reporter-output>
          </reporter-output>
        </test-method> <!-- setupReport -->
        <test-method is-config="true" signature="launchBrowser(java.lang.reflect.Method)[pri:0, instance:tests.testLoginPage@e3b3b2f]" started-at="2025-01-29T11:49:21 IST" name="launchBrowser" finished-at="2025-01-29T11:49:28 IST" duration-ms="6438" status="PASS">
          <params>
            <param index="0">
              <value>
                <![CDATA[public static void tests.testLoginPage.TC_002_Insurance_LoginPage() throws java.lang.Exception]]>
              </value>
            </param>
          </params>
          <reporter-output>
          </reporter-output>
        </test-method> <!-- launchBrowser -->
        <test-method signature="TC_002_Insurance_LoginPage()[pri:0, instance:tests.testLoginPage@e3b3b2f]" started-at="2025-01-29T11:49:28 IST" name="TC_002_Insurance_LoginPage" finished-at="2025-01-29T11:49:44 IST" duration-ms="16484" status="PASS">
          <reporter-output>
          </reporter-output>
        </test-method> <!-- TC_002_Insurance_LoginPage -->
        <test-method is-config="true" signature="closeBrowser()[pri:0, instance:tests.testLoginPage@e3b3b2f]" started-at="2025-01-29T11:49:44 IST" name="closeBrowser" finished-at="2025-01-29T11:49:45 IST" duration-ms="408" status="PASS">
          <reporter-output>
          </reporter-output>
        </test-method> <!-- closeBrowser -->
        <test-method is-config="true" signature="flushReportsAndOpen()[pri:0, instance:tests.testLoginPage@e3b3b2f]" started-at="2025-01-29T11:49:45 IST" name="flushReportsAndOpen" finished-at="2025-01-29T11:49:51 IST" duration-ms="6846" status="PASS">
          <reporter-output>
          </reporter-output>
        </test-method> <!-- flushReportsAndOpen -->
      </class> <!-- tests.testLoginPage -->
    </test> <!-- Default test -->
  </suite> <!-- Default suite -->
</testng-results>
